<?xml version="1.0" encoding="utf-8"?>
<TestRun id="7e8879bc-dbc6-4918-9625-eef43a1a884a" name="ABCD@PC 2026-09-18 16:42:49" runUser="PC\ABCD" xmlns="http://microsoft.com/schemas/VisualStudio/TeamTest/2010">
  <Times creation="2026-09-18T16:42:49.0479803+02:00" queuing="2026-09-18T16:42:49.0479806+02:00" start="2026-09-18T16:42:46.6842503+02:00" finish="2026-09-18T16:42:49.0523489+02:00" />
  <TestSettings name="default" id="f84073c4-bc7b-4b17-8879-e73e8b7993b8">
    <Deployment runDeploymentRoot="ABCD_PC_2026-09-18_16_42_49" />
  </TestSettings>
  <Results>
    <UnitTestResult executionId="967e11a0-d8e2-43ad-99bf-7fea65193bf0" testId="adf701e5-f772-ec74-275a-5b4ec94495f8" testName="GenerateTokenWithValidCredentials" computerName="PC" duration="00:00:01.8372140" startTime="2026-09-18T16:42:47.1403538+02:00" endTime="2026-09-18T16:42:48.9775277+02:00" testType="13cdc9d9-ddb5-4fa4-a97d-d965ccfc6d4b" outcome="Passed" testListId="8c84fa94-04c1-424b-9868-57a2d4851a1d" relativeResultsDirectory="967e11a0-d8e2-43ad-99bf-7fea65193bf0">
      <Output>
        <StdOut>Given I have valid user credentials&#xD;
-&gt; done: LoginSteps.GivenIHaveValidUserCredentials() (0.0s)&#xD;
When I send a POST request to generate token&#xD;
-&gt; done: LoginSteps.WhenISendAPostRequestToGenerateToken() (1.4s)&#xD;
Then the response status code should be 200&#xD;
     Warning:&#xD;
     The component "Fluent Assertions" is governed by the rules defined in the Xceed License Agreement and&#xD;
     the Xceed Fluent Assertions Community License. You may use Fluent Assertions free of charge for&#xD;
     non-commercial use only. An active subscription is required to use Fluent Assertions for commercial use.&#xD;
&#xD;
     Please contact Xceed Sales mailto:sales@xceed.com to acquire a subscription at a very low cost.&#xD;
&#xD;
     A paid commercial license supports the development and continued increasing support of&#xD;
     Fluent Assertions users under both commercial and community licenses. Help us&#xD;
     keep Fluent Assertions at the forefront of unit testing.&#xD;
&#xD;
     For more information, visit https://xceed.com/products/unit-testing/fluent-assertions/&#xD;
-&gt; done: LoginSteps.ThenTheResponseStatusCodeShouldBe200() (0.0s)&#xD;
And the response should contain a valid token&#xD;
-&gt; done: LoginSteps.ThenTheResponseShouldContainAValidToken() (0.0s)</StdOut>
      </Output>
    </UnitTestResult>
  </Results>
  <TestDefinitions>
    <UnitTest name="GenerateTokenWithValidCredentials" storage="c:\users\abcd\documents\playwrightproject\playwrightproject.tests\bin\debug\net8.0\playwrightproject.tests.dll" id="adf701e5-f772-ec74-275a-5b4ec94495f8">
      <Execution id="967e11a0-d8e2-43ad-99bf-7fea65193bf0" />
      <TestMethod codeBase="C:\Users\ABCD\Documents\PlaywrightProject\PlaywrightProject.Tests\bin\Debug\net8.0\PlaywrightProject.Tests.dll" adapterTypeName="executor://nunit3testexecutor/" className="PlaywrightProject.Tests.Features.UserAuthenticationFeature" name="GenerateTokenWithValidCredentials" />
    </UnitTest>
  </TestDefinitions>
  <TestEntries>
    <TestEntry testId="adf701e5-f772-ec74-275a-5b4ec94495f8" executionId="967e11a0-d8e2-43ad-99bf-7fea65193bf0" testListId="8c84fa94-04c1-424b-9868-57a2d4851a1d" />
  </TestEntries>
  <TestLists>
    <TestList name="Results Not in a List" id="8c84fa94-04c1-424b-9868-57a2d4851a1d" />
    <TestList name="All Loaded Results" id="19431567-8539-422a-85d7-44ee4e166bda" />
  </TestLists>
  <ResultSummary outcome="Completed">
    <Counters total="1" executed="1" passed="1" failed="0" error="0" timeout="0" aborted="0" inconclusive="0" passedButRunAborted="0" notRunnable="0" notExecuted="0" disconnected="0" warning="0" completed="0" inProgress="0" pending="0" />
    <Output>
      <StdOut>NUnit Adapter 4.5.0.0: Test execution started&#xD;
Running all tests in C:\Users\ABCD\Documents\PlaywrightProject\PlaywrightProject.Tests\bin\Debug\net8.0\PlaywrightProject.Tests.dll&#xD;
   NUnit3TestExecutor discovered 1 of 1 NUnit test cases using Current Discovery mode, Non-Explicit run&#xD;
NUnit Adapter 4.5.0.0: Test execution complete&#xD;
</StdOut>
    </Output>
    <RunInfos>
      <RunInfo computerName="PC" outcome="Warning" timestamp="2026-09-18T16:42:48.9860473+02:00">
        <Text>Given I have valid user credentials&#xD;
-&gt; done: LoginSteps.GivenIHaveValidUserCredentials() (0.0s)&#xD;
When I send a POST request to generate token&#xD;
-&gt; done: LoginSteps.WhenISendAPostRequestToGenerateToken() (1.4s)&#xD;
Then the response status code should be 200&#xD;
     Warning:&#xD;
     The component "Fluent Assertions" is governed by the rules defined in the Xceed License Agreement and&#xD;
     the Xceed Fluent Assertions Community License. You may use Fluent Assertions free of charge for&#xD;
     non-commercial use only. An active subscription is required to use Fluent Assertions for commercial use.&#xD;
&#xD;
     Please contact Xceed Sales mailto:sales@xceed.com to acquire a subscription at a very low cost.&#xD;
&#xD;
     A paid commercial license supports the development and continued increasing support of&#xD;
     Fluent Assertions users under both commercial and community licenses. Help us&#xD;
     keep Fluent Assertions at the forefront of unit testing.&#xD;
&#xD;
     For more information, visit https://xceed.com/products/unit-testing/fluent-assertions/&#xD;
-&gt; done: LoginSteps.ThenTheResponseStatusCodeShouldBe200() (0.0s)&#xD;
And the response should contain a valid token&#xD;
-&gt; done: LoginSteps.ThenTheResponseShouldContainAValidToken() (0.0s)&#xD;
</Text>
      </RunInfo>
    </RunInfos>
  </ResultSummary>
</TestRun>